2023.02.13 21:17:18 INFO  tracing is disabled for protocol LSP, to enable tracing of incoming and outgoing JSON messages create an empty file at /home/devtop/dev/algorithm_study/.metals/lsp.trace.json or /home/devtop/.cache/metals/lsp.trace.json[0m
2023.02.13 21:17:19 INFO  logging to file /home/devtop/dev/algorithm_study/.metals/metals.log[0m
2023.02.13 21:17:19 INFO  Started: Metals version 0.11.10 in workspace '/home/devtop/dev/algorithm_study' for client Visual Studio Code 1.75.1.[0m
SLF4J: No SLF4J providers were found.
SLF4J: Defaulting to no-operation (NOP) logger implementation
SLF4J: See https://www.slf4j.org/codes.html#noProviders for further details.
SLF4J: Class path contains SLF4J bindings targeting slf4j-api versions 1.7.x or earlier.
SLF4J: Ignoring binding found at [jar:file:/home/devtop/.cache/coursier/v1/https/repo1.maven.org/maven2/com/outr/scribe-slf4j_2.13/3.10.5/scribe-slf4j_2.13-3.10.5.jar!/org/slf4j/impl/StaticLoggerBinder.class]
SLF4J: See https://www.slf4j.org/codes.html#ignoredBindings for an explanation.
2023.02.13 21:17:20 INFO  time: initialize in 1.16s[0m
2023.02.13 21:17:21 WARN  Build server is not auto-connectable.[0m
2023.02.13 21:17:21 WARN  no build tool detected in workspace '/home/devtop/dev/algorithm_study'. The most common cause for this problem is that the editor was opened in the wrong working directory, for example if you use sbt then the workspace directory should contain build.sbt. [0m
2023.02.13 21:17:21 WARN  no build target for: /home/devtop/dev/algorithm_study/ExpiredAuth/ExpiredAuth.scala[0m
2023.02.13 21:17:23 INFO  no build target found for /home/devtop/dev/algorithm_study/ExpiredAuth/ExpiredAuth.scala. Using presentation compiler with project's scala-library version: 3.2.1[0m
2023.02.13 21:17:25 INFO  time: code lens generation in 3.54s[0m
2월 13, 2023 9:17:26 오후 org.eclipse.lsp4j.jsonrpc.services.GenericEndpoint notify
정보: Unsupported notification method: $/setTrace
2월 13, 2023 9:21:35 오후 org.eclipse.lsp4j.jsonrpc.RemoteEndpoint handleCancellation
경고: Unmatched cancel notification for request id 482
2월 13, 2023 9:24:20 오후 org.eclipse.lsp4j.jsonrpc.RemoteEndpoint handleCancellation
경고: Unmatched cancel notification for request id 1014
2월 13, 2023 9:24:31 오후 scala.meta.internal.pc.CompilerAccess handleError
심각: NoDenotation.owner
java.lang.AssertionError: NoDenotation.owner
	at dotty.tools.dotc.core.SymDenotations$NoDenotation$.owner(SymDenotations.scala:2511)
	at scala.meta.internal.pc.SignatureHelpProvider$.isValid(SignatureHelpProvider.scala:88)
	at scala.meta.internal.pc.SignatureHelpProvider$.notCurrentApply(SignatureHelpProvider.scala:101)
	at scala.meta.internal.pc.SignatureHelpProvider$.$anonfun$1(SignatureHelpProvider.scala:49)
	at scala.collection.StrictOptimizedLinearSeqOps.loop$3(LinearSeq.scala:280)
	at scala.collection.StrictOptimizedLinearSeqOps.dropWhile(LinearSeq.scala:282)
	at scala.collection.StrictOptimizedLinearSeqOps.dropWhile$(LinearSeq.scala:278)
	at scala.collection.immutable.List.dropWhile(List.scala:79)
	at scala.meta.internal.pc.SignatureHelpProvider$.signatureHelp(SignatureHelpProvider.scala:49)

2023.02.13 21:24:36 WARN  no build target for: /home/devtop/dev/algorithm_study/ExpiredAuth/ExpiredAuth.scala[0m
2023.02.13 21:25:51 WARN  no build target for: /home/devtop/dev/algorithm_study/ExpiredAuth/ExpiredAuth.scala[0m
2023.02.13 21:26:17 WARN  no build target for: /home/devtop/dev/algorithm_study/ExpiredAuth/ExpiredAuth.scala[0m
2023.02.13 21:26:45 WARN  no build target for: /home/devtop/dev/algorithm_study/ExpiredAuth/ExpiredAuth.scala[0m
2월 13, 2023 9:37:06 오후 org.eclipse.lsp4j.jsonrpc.RemoteEndpoint handleCancellation
경고: Unmatched cancel notification for request id 1582
2023.02.13 21:44:17 WARN  no build target for: /home/devtop/dev/algorithm_study/ExpiredAuth/ExpiredAuth.scala[0m
Exception in thread "pool-3-thread-1" java.lang.InterruptedException
	at scala.meta.internal.metals.FutureCancelToken.checkCanceled(FutureCancelToken.scala:29)
	at scala.meta.internal.pc.CompilerAccess.onCompilerJobQueue$$anonfun$1(CompilerAccess.scala:195)
	at scala.meta.internal.pc.CompilerJobQueue$Job.run(CompilerJobQueue.scala:152)
	at java.base/java.util.concurrent.ThreadPoolExecutor.runWorker(ThreadPoolExecutor.java:1136)
	at java.base/java.util.concurrent.ThreadPoolExecutor$Worker.run(ThreadPoolExecutor.java:635)
	at java.base/java.lang.Thread.run(Thread.java:833)
2023.02.13 21:47:25 WARN  no build target for: /home/devtop/dev/algorithm_study/ExpiredAuth/ExpiredAuth.scala[0m
2023.02.13 21:47:27 WARN  no build target for: /home/devtop/dev/algorithm_study/ExpiredAuth/ExpiredAuth.scala[0m
2023.02.13 21:47:27 WARN  no build target for: /home/devtop/dev/algorithm_study/ExpiredAuth/ExpiredAuth.scala[0m
2023.02.13 21:47:27 WARN  no build target for: /home/devtop/dev/algorithm_study/ExpiredAuth/ExpiredAuth.scala[0m
2023.02.13 21:47:27 WARN  no build target for: /home/devtop/dev/algorithm_study/ExpiredAuth/ExpiredAuth.scala[0m
2023.02.13 21:47:27 WARN  no build target for: /home/devtop/dev/algorithm_study/ExpiredAuth/ExpiredAuth.scala[0m
2023.02.13 21:49:44 WARN  no build target for: /home/devtop/dev/algorithm_study/ExpiredAuth/ExpiredAuth.scala[0m
2월 13, 2023 9:50:11 오후 org.eclipse.lsp4j.jsonrpc.RemoteEndpoint handleCancellation
경고: Unmatched cancel notification for request id 3290
2023.02.13 21:51:31 WARN  no build target for: /home/devtop/dev/algorithm_study/ExpiredAuth/ExpiredAuth.scala[0m
2023.02.13 21:54:14 WARN  no build target for: /home/devtop/dev/algorithm_study/ExpiredAuth/ExpiredAuth.scala[0m
2023.02.13 21:54:18 WARN  no build target for: /home/devtop/dev/algorithm_study/ExpiredAuth/ExpiredAuth.scala[0m
2023.02.13 21:54:18 WARN  no build target for: /home/devtop/dev/algorithm_study/ExpiredAuth/ExpiredAuth.scala[0m
2023.02.13 21:54:18 WARN  no build target for: /home/devtop/dev/algorithm_study/ExpiredAuth/ExpiredAuth.scala[0m
2023.02.13 21:54:18 WARN  no build target for: /home/devtop/dev/algorithm_study/ExpiredAuth/ExpiredAuth.scala[0m
2023.02.13 21:55:31 WARN  no build target for: /home/devtop/dev/algorithm_study/ExpiredAuth/ExpiredAuth.scala[0m
2023.02.13 21:55:54 WARN  no build target for: /home/devtop/dev/algorithm_study/ExpiredAuth/ExpiredAuth.scala[0m
2023.02.13 22:03:05 INFO  shutting down Metals[0m
2023.02.20 19:55:46 INFO  tracing is disabled for protocol LSP, to enable tracing of incoming and outgoing JSON messages create an empty file at /home/devtop/dev/algorithm_study/.metals/lsp.trace.json or /home/devtop/.cache/metals/lsp.trace.json[0m
2023.02.20 19:55:46 INFO  logging to file /home/devtop/dev/algorithm_study/.metals/metals.log[0m
2023.02.20 19:55:46 INFO  Started: Metals version 0.11.10 in workspace '/home/devtop/dev/algorithm_study' for client Visual Studio Code 1.75.1.[0m
SLF4J: No SLF4J providers were found.
SLF4J: Defaulting to no-operation (NOP) logger implementation
SLF4J: See https://www.slf4j.org/codes.html#noProviders for further details.
SLF4J: Class path contains SLF4J bindings targeting slf4j-api versions 1.7.x or earlier.
SLF4J: Ignoring binding found at [jar:file:/home/devtop/.cache/coursier/v1/https/repo1.maven.org/maven2/com/outr/scribe-slf4j_2.13/3.10.5/scribe-slf4j_2.13-3.10.5.jar!/org/slf4j/impl/StaticLoggerBinder.class]
SLF4J: See https://www.slf4j.org/codes.html#ignoredBindings for an explanation.
2023.02.20 19:55:48 INFO  time: initialize in 1.57s[0m
2023.02.20 19:55:49 WARN  Build server is not auto-connectable.[0m
2023.02.20 19:55:49 WARN  no build tool detected in workspace '/home/devtop/dev/algorithm_study'. The most common cause for this problem is that the editor was opened in the wrong working directory, for example if you use sbt then the workspace directory should contain build.sbt. [0m
2023.02.20 19:55:49 WARN  no build target for: /home/devtop/dev/algorithm_study/ExpiredAuth/ExpiredAuth.scala[0m
2023.02.20 19:55:53 INFO  no build target found for /home/devtop/dev/algorithm_study/ExpiredAuth/ExpiredAuth.scala. Using presentation compiler with project's scala-library version: 3.2.1[0m
2023.02.20 19:55:55 INFO  time: code lens generation in 5.4s[0m
